running egg_info
creating ../../build/bezier_bringup/bezier_bringup.egg-info
writing ../../build/bezier_bringup/bezier_bringup.egg-info/PKG-INFO
writing dependency_links to ../../build/bezier_bringup/bezier_bringup.egg-info/dependency_links.txt
writing entry points to ../../build/bezier_bringup/bezier_bringup.egg-info/entry_points.txt
writing requirements to ../../build/bezier_bringup/bezier_bringup.egg-info/requires.txt
writing top-level names to ../../build/bezier_bringup/bezier_bringup.egg-info/top_level.txt
writing manifest file '../../build/bezier_bringup/bezier_bringup.egg-info/SOURCES.txt'
reading manifest file '../../build/bezier_bringup/bezier_bringup.egg-info/SOURCES.txt'
writing manifest file '../../build/bezier_bringup/bezier_bringup.egg-info/SOURCES.txt'
running build
running install
running install_data
creating /home/lyj/ros2_bezier_ws/install/bezier_bringup/share/ament_index
creating /home/lyj/ros2_bezier_ws/install/bezier_bringup/share/ament_index/resource_index
creating /home/lyj/ros2_bezier_ws/install/bezier_bringup/share/ament_index/resource_index/packages
copying resource/bezier_bringup -> /home/lyj/ros2_bezier_ws/install/bezier_bringup/share/ament_index/resource_index/packages
copying package.xml -> /home/lyj/ros2_bezier_ws/install/bezier_bringup/share/bezier_bringup
creating /home/lyj/ros2_bezier_ws/install/bezier_bringup/share/bezier_bringup/launch
copying launch/bringup.launch.py -> /home/lyj/ros2_bezier_ws/install/bezier_bringup/share/bezier_bringup/launch
creating /home/lyj/ros2_bezier_ws/install/bezier_bringup/share/bezier_bringup/config
copying config/tb3_map.pgm -> /home/lyj/ros2_bezier_ws/install/bezier_bringup/share/bezier_bringup/config
copying config/tb3_map.yaml -> /home/lyj/ros2_bezier_ws/install/bezier_bringup/share/bezier_bringup/config
running install_egg_info
Copying ../../build/bezier_bringup/bezier_bringup.egg-info to /home/lyj/ros2_bezier_ws/install/bezier_bringup/lib/python3.10/site-packages/bezier_bringup-0.0.1-py3.10.egg-info
running install_scripts
writing list of installed files to '/home/lyj/ros2_bezier_ws/build/bezier_bringup/install.log'
