[0.240s] DEBUG:colcon:Command line arguments: ['/usr/bin/colcon', 'build']
[0.241s] DEBUG:colcon:Parsed command line arguments: Namespace(log_base=None, log_level=None, verb_name='build', build_base='build', install_base='install', merge_install=False, symlink_install=False, test_result_base=None, continue_on_error=False, executor='parallel', parallel_workers=8, event_handlers=None, ignore_user_meta=False, metas=['./colcon.meta'], base_paths=['.'], packages_ignore=None, packages_ignore_regex=None, paths=None, packages_up_to=None, packages_up_to_regex=None, packages_above=None, packages_above_and_dependencies=None, packages_above_depth=None, packages_select_by_dep=None, packages_skip_by_dep=None, packages_skip_up_to=None, packages_select_build_failed=False, packages_skip_build_finished=False, packages_select_test_failures=False, packages_skip_test_passed=False, packages_select=None, packages_skip=None, packages_select_regex=None, packages_skip_regex=None, packages_start=None, packages_end=None, allow_overriding=[], cmake_args=None, cmake_target=None, cmake_target_skip_unavailable=False, cmake_clean_cache=False, cmake_clean_first=False, cmake_force_configure=False, ament_cmake_args=None, catkin_cmake_args=None, catkin_skip_building_tests=False, mixin_files=None, mixin=None, verb_parser=<colcon_mixin.mixin.mixin_argument.MixinArgumentDecorator object at 0x783d4769dff0>, verb_extension=<colcon_core.verb.build.BuildVerb object at 0x783d4769d960>, main=<bound method BuildVerb.main of <colcon_core.verb.build.BuildVerb object at 0x783d4769d960>>, mixin_verb=('build',))
[0.507s] Level 1:colcon.colcon_core.package_discovery:discover_packages(colcon_meta) check parameters
[0.507s] Level 1:colcon.colcon_core.package_discovery:discover_packages(recursive) check parameters
[0.507s] Level 1:colcon.colcon_core.package_discovery:discover_packages(ignore) check parameters
[0.508s] Level 1:colcon.colcon_core.package_discovery:discover_packages(path) check parameters
[0.508s] Level 1:colcon.colcon_core.package_discovery:discover_packages(colcon_meta) discover
[0.508s] Level 1:colcon.colcon_core.package_discovery:discover_packages(recursive) discover
[0.508s] INFO:colcon.colcon_core.package_discovery:Crawling recursively for packages in '/home/lyj/ros2_bezier_ws'
[0.508s] Level 1:colcon.colcon_core.package_identification:_identify(.) by extensions ['ignore', 'ignore_ament_install']
[0.508s] Level 1:colcon.colcon_core.package_identification:_identify(.) by extension 'ignore'
[0.508s] Level 1:colcon.colcon_core.package_identification:_identify(.) by extension 'ignore_ament_install'
[0.508s] Level 1:colcon.colcon_core.package_identification:_identify(.) by extensions ['colcon_pkg']
[0.508s] Level 1:colcon.colcon_core.package_identification:_identify(.) by extension 'colcon_pkg'
[0.508s] Level 1:colcon.colcon_core.package_identification:_identify(.) by extensions ['colcon_meta']
[0.509s] Level 1:colcon.colcon_core.package_identification:_identify(.) by extension 'colcon_meta'
[0.509s] Level 1:colcon.colcon_core.package_identification:_identify(.) by extensions ['ros']
[0.509s] Level 1:colcon.colcon_core.package_identification:_identify(.) by extension 'ros'
[0.546s] Level 1:colcon.colcon_core.package_identification:_identify(.) by extensions ['cmake', 'python']
[0.546s] Level 1:colcon.colcon_core.package_identification:_identify(.) by extension 'cmake'
[0.546s] Level 1:colcon.colcon_core.package_identification:_identify(.) by extension 'python'
[0.546s] Level 1:colcon.colcon_core.package_identification:_identify(.) by extensions ['python_setup_py']
[0.546s] Level 1:colcon.colcon_core.package_identification:_identify(.) by extension 'python_setup_py'
[0.546s] Level 1:colcon.colcon_core.package_identification:_identify(build) by extensions ['ignore', 'ignore_ament_install']
[0.546s] Level 1:colcon.colcon_core.package_identification:_identify(build) by extension 'ignore'
[0.547s] Level 1:colcon.colcon_core.package_identification:_identify(build) ignored
[0.547s] Level 1:colcon.colcon_core.package_identification:_identify(install) by extensions ['ignore', 'ignore_ament_install']
[0.547s] Level 1:colcon.colcon_core.package_identification:_identify(install) by extension 'ignore'
[0.547s] Level 1:colcon.colcon_core.package_identification:_identify(install) ignored
[0.547s] Level 1:colcon.colcon_core.package_identification:_identify(log) by extensions ['ignore', 'ignore_ament_install']
[0.547s] Level 1:colcon.colcon_core.package_identification:_identify(log) by extension 'ignore'
[0.547s] Level 1:colcon.colcon_core.package_identification:_identify(log) ignored
[0.548s] Level 1:colcon.colcon_core.package_identification:_identify(src) by extensions ['ignore', 'ignore_ament_install']
[0.548s] Level 1:colcon.colcon_core.package_identification:_identify(src) by extension 'ignore'
[0.548s] Level 1:colcon.colcon_core.package_identification:_identify(src) by extension 'ignore_ament_install'
[0.548s] Level 1:colcon.colcon_core.package_identification:_identify(src) by extensions ['colcon_pkg']
[0.548s] Level 1:colcon.colcon_core.package_identification:_identify(src) by extension 'colcon_pkg'
[0.548s] Level 1:colcon.colcon_core.package_identification:_identify(src) by extensions ['colcon_meta']
[0.548s] Level 1:colcon.colcon_core.package_identification:_identify(src) by extension 'colcon_meta'
[0.548s] Level 1:colcon.colcon_core.package_identification:_identify(src) by extensions ['ros']
[0.548s] Level 1:colcon.colcon_core.package_identification:_identify(src) by extension 'ros'
[0.548s] Level 1:colcon.colcon_core.package_identification:_identify(src) by extensions ['cmake', 'python']
[0.549s] Level 1:colcon.colcon_core.package_identification:_identify(src) by extension 'cmake'
[0.549s] Level 1:colcon.colcon_core.package_identification:_identify(src) by extension 'python'
[0.549s] Level 1:colcon.colcon_core.package_identification:_identify(src) by extensions ['python_setup_py']
[0.549s] Level 1:colcon.colcon_core.package_identification:_identify(src) by extension 'python_setup_py'
[0.549s] Level 1:colcon.colcon_core.package_identification:_identify(src/bezier_bringup) by extensions ['ignore', 'ignore_ament_install']
[0.549s] Level 1:colcon.colcon_core.package_identification:_identify(src/bezier_bringup) by extension 'ignore'
[0.549s] Level 1:colcon.colcon_core.package_identification:_identify(src/bezier_bringup) by extension 'ignore_ament_install'
[0.549s] Level 1:colcon.colcon_core.package_identification:_identify(src/bezier_bringup) by extensions ['colcon_pkg']
[0.549s] Level 1:colcon.colcon_core.package_identification:_identify(src/bezier_bringup) by extension 'colcon_pkg'
[0.549s] Level 1:colcon.colcon_core.package_identification:_identify(src/bezier_bringup) by extensions ['colcon_meta']
[0.550s] Level 1:colcon.colcon_core.package_identification:_identify(src/bezier_bringup) by extension 'colcon_meta'
[0.550s] Level 1:colcon.colcon_core.package_identification:_identify(src/bezier_bringup) by extensions ['ros']
[0.550s] Level 1:colcon.colcon_core.package_identification:_identify(src/bezier_bringup) by extension 'ros'
[0.555s] DEBUG:colcon.colcon_core.package_identification:Package 'src/bezier_bringup' with type 'ros.ament_python' and name 'bezier_bringup'
[0.555s] Level 1:colcon.colcon_core.package_identification:_identify(src/path_planner3) by extensions ['ignore', 'ignore_ament_install']
[0.555s] Level 1:colcon.colcon_core.package_identification:_identify(src/path_planner3) by extension 'ignore'
[0.556s] Level 1:colcon.colcon_core.package_identification:_identify(src/path_planner3) by extension 'ignore_ament_install'
[0.556s] Level 1:colcon.colcon_core.package_identification:_identify(src/path_planner3) by extensions ['colcon_pkg']
[0.556s] Level 1:colcon.colcon_core.package_identification:_identify(src/path_planner3) by extension 'colcon_pkg'
[0.556s] Level 1:colcon.colcon_core.package_identification:_identify(src/path_planner3) by extensions ['colcon_meta']
[0.556s] Level 1:colcon.colcon_core.package_identification:_identify(src/path_planner3) by extension 'colcon_meta'
[0.556s] Level 1:colcon.colcon_core.package_identification:_identify(src/path_planner3) by extensions ['ros']
[0.556s] Level 1:colcon.colcon_core.package_identification:_identify(src/path_planner3) by extension 'ros'
[0.557s] DEBUG:colcon.colcon_core.package_identification:Package 'src/path_planner3' with type 'ros.ament_python' and name 'path_planner3'
[0.557s] Level 1:colcon.colcon_core.package_discovery:discover_packages(recursive) using defaults
[0.557s] Level 1:colcon.colcon_core.package_discovery:discover_packages(ignore) discover
[0.558s] Level 1:colcon.colcon_core.package_discovery:discover_packages(ignore) using defaults
[0.558s] Level 1:colcon.colcon_core.package_discovery:discover_packages(path) discover
[0.558s] Level 1:colcon.colcon_core.package_discovery:discover_packages(path) using defaults
[0.599s] Level 1:colcon.colcon_core.package_discovery:discover_packages(prefix_path) check parameters
[0.599s] Level 1:colcon.colcon_core.package_discovery:discover_packages(prefix_path) discover
[0.601s] Level 1:colcon.colcon_core.package_discovery:discover_packages(prefix_path) using defaults
[0.603s] Level 5:colcon.colcon_core.verb:set package 'path_planner3' build argument 'cmake_args' from command line to 'None'
[0.603s] Level 5:colcon.colcon_core.verb:set package 'path_planner3' build argument 'cmake_target' from command line to 'None'
[0.603s] Level 5:colcon.colcon_core.verb:set package 'path_planner3' build argument 'cmake_target_skip_unavailable' from command line to 'False'
[0.603s] Level 5:colcon.colcon_core.verb:set package 'path_planner3' build argument 'cmake_clean_cache' from command line to 'False'
[0.603s] Level 5:colcon.colcon_core.verb:set package 'path_planner3' build argument 'cmake_clean_first' from command line to 'False'
[0.603s] Level 5:colcon.colcon_core.verb:set package 'path_planner3' build argument 'cmake_force_configure' from command line to 'False'
[0.603s] Level 5:colcon.colcon_core.verb:set package 'path_planner3' build argument 'ament_cmake_args' from command line to 'None'
[0.603s] Level 5:colcon.colcon_core.verb:set package 'path_planner3' build argument 'catkin_cmake_args' from command line to 'None'
[0.603s] Level 5:colcon.colcon_core.verb:set package 'path_planner3' build argument 'catkin_skip_building_tests' from command line to 'False'
[0.603s] DEBUG:colcon.colcon_core.verb:Building package 'path_planner3' with the following arguments: {'ament_cmake_args': None, 'build_base': '/home/lyj/ros2_bezier_ws/build/path_planner3', 'catkin_cmake_args': None, 'catkin_skip_building_tests': False, 'cmake_args': None, 'cmake_clean_cache': False, 'cmake_clean_first': False, 'cmake_force_configure': False, 'cmake_target': None, 'cmake_target_skip_unavailable': False, 'install_base': '/home/lyj/ros2_bezier_ws/install/path_planner3', 'merge_install': False, 'path': '/home/lyj/ros2_bezier_ws/src/path_planner3', 'symlink_install': False, 'test_result_base': None}
[0.604s] Level 5:colcon.colcon_core.verb:set package 'bezier_bringup' build argument 'cmake_args' from command line to 'None'
[0.604s] Level 5:colcon.colcon_core.verb:set package 'bezier_bringup' build argument 'cmake_target' from command line to 'None'
[0.604s] Level 5:colcon.colcon_core.verb:set package 'bezier_bringup' build argument 'cmake_target_skip_unavailable' from command line to 'False'
[0.604s] Level 5:colcon.colcon_core.verb:set package 'bezier_bringup' build argument 'cmake_clean_cache' from command line to 'False'
[0.604s] Level 5:colcon.colcon_core.verb:set package 'bezier_bringup' build argument 'cmake_clean_first' from command line to 'False'
[0.604s] Level 5:colcon.colcon_core.verb:set package 'bezier_bringup' build argument 'cmake_force_configure' from command line to 'False'
[0.604s] Level 5:colcon.colcon_core.verb:set package 'bezier_bringup' build argument 'ament_cmake_args' from command line to 'None'
[0.604s] Level 5:colcon.colcon_core.verb:set package 'bezier_bringup' build argument 'catkin_cmake_args' from command line to 'None'
[0.604s] Level 5:colcon.colcon_core.verb:set package 'bezier_bringup' build argument 'catkin_skip_building_tests' from command line to 'False'
[0.604s] DEBUG:colcon.colcon_core.verb:Building package 'bezier_bringup' with the following arguments: {'ament_cmake_args': None, 'build_base': '/home/lyj/ros2_bezier_ws/build/bezier_bringup', 'catkin_cmake_args': None, 'catkin_skip_building_tests': False, 'cmake_args': None, 'cmake_clean_cache': False, 'cmake_clean_first': False, 'cmake_force_configure': False, 'cmake_target': None, 'cmake_target_skip_unavailable': False, 'install_base': '/home/lyj/ros2_bezier_ws/install/bezier_bringup', 'merge_install': False, 'path': '/home/lyj/ros2_bezier_ws/src/bezier_bringup', 'symlink_install': False, 'test_result_base': None}
[0.604s] INFO:colcon.colcon_core.executor:Executing jobs using 'parallel' executor
[0.606s] DEBUG:colcon.colcon_parallel_executor.executor.parallel:run_until_complete
[0.607s] INFO:colcon.colcon_ros.task.ament_python.build:Building ROS package in '/home/lyj/ros2_bezier_ws/src/path_planner3' with build type 'ament_python'
[0.607s] Level 1:colcon.colcon_core.shell:create_environment_hook('path_planner3', 'ament_prefix_path')
[0.611s] INFO:colcon.colcon_core.plugin_system:Skipping extension 'colcon_core.shell.bat': Not used on non-Windows systems
[0.611s] INFO:colcon.colcon_core.shell:Creating environment hook '/home/lyj/ros2_bezier_ws/install/path_planner3/share/path_planner3/hook/ament_prefix_path.ps1'
[0.612s] INFO:colcon.colcon_core.shell:Creating environment descriptor '/home/lyj/ros2_bezier_ws/install/path_planner3/share/path_planner3/hook/ament_prefix_path.dsv'
[0.613s] INFO:colcon.colcon_core.shell:Creating environment hook '/home/lyj/ros2_bezier_ws/install/path_planner3/share/path_planner3/hook/ament_prefix_path.sh'
[0.614s] INFO:colcon.colcon_core.shell:Skip shell extension 'powershell' for command environment: Not usable outside of PowerShell
[0.614s] DEBUG:colcon.colcon_core.shell:Skip shell extension 'dsv' for command environment
[1.049s] INFO:colcon.colcon_core.task.python.build:Building Python package in '/home/lyj/ros2_bezier_ws/src/path_planner3'
[1.049s] INFO:colcon.colcon_core.shell:Skip shell extension 'powershell' for command environment: Not usable outside of PowerShell
[1.049s] DEBUG:colcon.colcon_core.shell:Skip shell extension 'dsv' for command environment
[1.647s] DEBUG:colcon.colcon_core.event_handler.log_command:Invoking command in '/home/lyj/ros2_bezier_ws/src/path_planner3': PYTHONPATH=/home/lyj/ros2_bezier_ws/build/path_planner3/prefix_override:/usr/lib/python3/dist-packages/colcon_core/task/python/colcon_distutils_commands:/home/lyj/ros2_bezier_ws/install/path_planner3/lib/python3.10/site-packages: /usr/bin/python3 -W ignore:setup.py install is deprecated -W ignore:easy_install command is deprecated setup.py egg_info --egg-base ../../build/path_planner3 build --build-base /home/lyj/ros2_bezier_ws/build/path_planner3/build install --record /home/lyj/ros2_bezier_ws/build/path_planner3/install.log --single-version-externally-managed install_data
[2.137s] DEBUG:colcon.colcon_core.event_handler.log_command:Invoked command in '/home/lyj/ros2_bezier_ws/src/path_planner3' returned '0': PYTHONPATH=/home/lyj/ros2_bezier_ws/build/path_planner3/prefix_override:/usr/lib/python3/dist-packages/colcon_core/task/python/colcon_distutils_commands:/home/lyj/ros2_bezier_ws/install/path_planner3/lib/python3.10/site-packages: /usr/bin/python3 -W ignore:setup.py install is deprecated -W ignore:easy_install command is deprecated setup.py egg_info --egg-base ../../build/path_planner3 build --build-base /home/lyj/ros2_bezier_ws/build/path_planner3/build install --record /home/lyj/ros2_bezier_ws/build/path_planner3/install.log --single-version-externally-managed install_data
[2.141s] Level 1:colcon.colcon_core.environment:checking '/home/lyj/ros2_bezier_ws/install/path_planner3' for CMake module files
[2.142s] Level 1:colcon.colcon_core.environment:checking '/home/lyj/ros2_bezier_ws/install/path_planner3' for CMake config files
[2.143s] Level 1:colcon.colcon_core.environment:checking '/home/lyj/ros2_bezier_ws/install/path_planner3/lib'
[2.144s] Level 1:colcon.colcon_core.environment:checking '/home/lyj/ros2_bezier_ws/install/path_planner3/bin'
[2.144s] Level 1:colcon.colcon_core.environment:checking '/home/lyj/ros2_bezier_ws/install/path_planner3/lib/pkgconfig/path_planner3.pc'
[2.145s] Level 1:colcon.colcon_core.environment:checking '/home/lyj/ros2_bezier_ws/install/path_planner3/lib/python3.10/site-packages'
[2.145s] Level 1:colcon.colcon_core.shell:create_environment_hook('path_planner3', 'pythonpath')
[2.145s] INFO:colcon.colcon_core.shell:Creating environment hook '/home/lyj/ros2_bezier_ws/install/path_planner3/share/path_planner3/hook/pythonpath.ps1'
[2.146s] INFO:colcon.colcon_core.shell:Creating environment descriptor '/home/lyj/ros2_bezier_ws/install/path_planner3/share/path_planner3/hook/pythonpath.dsv'
[2.147s] INFO:colcon.colcon_core.shell:Creating environment hook '/home/lyj/ros2_bezier_ws/install/path_planner3/share/path_planner3/hook/pythonpath.sh'
[2.148s] Level 1:colcon.colcon_core.environment:checking '/home/lyj/ros2_bezier_ws/install/path_planner3/bin'
[2.148s] Level 1:colcon.colcon_core.environment:create_environment_scripts_only(path_planner3)
[2.149s] INFO:colcon.colcon_core.shell:Creating package script '/home/lyj/ros2_bezier_ws/install/path_planner3/share/path_planner3/package.ps1'
[2.150s] INFO:colcon.colcon_core.shell:Creating package descriptor '/home/lyj/ros2_bezier_ws/install/path_planner3/share/path_planner3/package.dsv'
[2.151s] INFO:colcon.colcon_core.shell:Creating package script '/home/lyj/ros2_bezier_ws/install/path_planner3/share/path_planner3/package.sh'
[2.153s] INFO:colcon.colcon_core.shell:Creating package script '/home/lyj/ros2_bezier_ws/install/path_planner3/share/path_planner3/package.bash'
[2.154s] INFO:colcon.colcon_core.shell:Creating package script '/home/lyj/ros2_bezier_ws/install/path_planner3/share/path_planner3/package.zsh'
[2.155s] Level 1:colcon.colcon_core.environment:create_file_with_runtime_dependencies(/home/lyj/ros2_bezier_ws/install/path_planner3/share/colcon-core/packages/path_planner3)
[2.156s] INFO:colcon.colcon_ros.task.ament_python.build:Building ROS package in '/home/lyj/ros2_bezier_ws/src/bezier_bringup' with build type 'ament_python'
[2.156s] Level 1:colcon.colcon_core.shell:create_environment_hook('bezier_bringup', 'ament_prefix_path')
[2.156s] INFO:colcon.colcon_core.shell:Creating environment hook '/home/lyj/ros2_bezier_ws/install/bezier_bringup/share/bezier_bringup/hook/ament_prefix_path.ps1'
[2.158s] INFO:colcon.colcon_core.shell:Creating environment descriptor '/home/lyj/ros2_bezier_ws/install/bezier_bringup/share/bezier_bringup/hook/ament_prefix_path.dsv'
[2.159s] INFO:colcon.colcon_core.shell:Creating environment hook '/home/lyj/ros2_bezier_ws/install/bezier_bringup/share/bezier_bringup/hook/ament_prefix_path.sh'
[2.160s] INFO:colcon.colcon_core.shell:Skip shell extension 'powershell' for command environment: Not usable outside of PowerShell
[2.160s] DEBUG:colcon.colcon_core.shell:Skip shell extension 'dsv' for command environment
[2.588s] INFO:colcon.colcon_core.task.python.build:Building Python package in '/home/lyj/ros2_bezier_ws/src/bezier_bringup'
[2.589s] INFO:colcon.colcon_core.shell:Skip shell extension 'powershell' for command environment: Not usable outside of PowerShell
[2.589s] DEBUG:colcon.colcon_core.shell:Skip shell extension 'dsv' for command environment
[3.198s] DEBUG:colcon.colcon_core.event_handler.log_command:Invoking command in '/home/lyj/ros2_bezier_ws/src/bezier_bringup': AMENT_PREFIX_PATH=/home/lyj/ros2_bezier_ws/install/path_planner3 PYTHONPATH=/home/lyj/ros2_bezier_ws/build/bezier_bringup/prefix_override:/usr/lib/python3/dist-packages/colcon_core/task/python/colcon_distutils_commands:/home/lyj/ros2_bezier_ws/install/bezier_bringup/lib/python3.10/site-packages:/home/lyj/ros2_bezier_ws/install/path_planner3/lib/python3.10/site-packages /usr/bin/python3 -W ignore:setup.py install is deprecated -W ignore:easy_install command is deprecated setup.py egg_info --egg-base ../../build/bezier_bringup build --build-base /home/lyj/ros2_bezier_ws/build/bezier_bringup/build install --record /home/lyj/ros2_bezier_ws/build/bezier_bringup/install.log --single-version-externally-managed install_data
[3.670s] Level 1:colcon.colcon_core.environment:checking '/home/lyj/ros2_bezier_ws/install/bezier_bringup' for CMake module files
[3.671s] DEBUG:colcon.colcon_core.event_handler.log_command:Invoked command in '/home/lyj/ros2_bezier_ws/src/bezier_bringup' returned '0': AMENT_PREFIX_PATH=/home/lyj/ros2_bezier_ws/install/path_planner3 PYTHONPATH=/home/lyj/ros2_bezier_ws/build/bezier_bringup/prefix_override:/usr/lib/python3/dist-packages/colcon_core/task/python/colcon_distutils_commands:/home/lyj/ros2_bezier_ws/install/bezier_bringup/lib/python3.10/site-packages:/home/lyj/ros2_bezier_ws/install/path_planner3/lib/python3.10/site-packages /usr/bin/python3 -W ignore:setup.py install is deprecated -W ignore:easy_install command is deprecated setup.py egg_info --egg-base ../../build/bezier_bringup build --build-base /home/lyj/ros2_bezier_ws/build/bezier_bringup/build install --record /home/lyj/ros2_bezier_ws/build/bezier_bringup/install.log --single-version-externally-managed install_data
[3.671s] Level 1:colcon.colcon_core.environment:checking '/home/lyj/ros2_bezier_ws/install/bezier_bringup' for CMake config files
[3.672s] Level 1:colcon.colcon_core.environment:checking '/home/lyj/ros2_bezier_ws/install/bezier_bringup/lib'
[3.672s] Level 1:colcon.colcon_core.environment:checking '/home/lyj/ros2_bezier_ws/install/bezier_bringup/bin'
[3.673s] Level 1:colcon.colcon_core.environment:checking '/home/lyj/ros2_bezier_ws/install/bezier_bringup/lib/pkgconfig/bezier_bringup.pc'
[3.673s] Level 1:colcon.colcon_core.environment:checking '/home/lyj/ros2_bezier_ws/install/bezier_bringup/lib/python3.10/site-packages'
[3.673s] Level 1:colcon.colcon_core.shell:create_environment_hook('bezier_bringup', 'pythonpath')
[3.674s] INFO:colcon.colcon_core.shell:Creating environment hook '/home/lyj/ros2_bezier_ws/install/bezier_bringup/share/bezier_bringup/hook/pythonpath.ps1'
[3.674s] INFO:colcon.colcon_core.shell:Creating environment descriptor '/home/lyj/ros2_bezier_ws/install/bezier_bringup/share/bezier_bringup/hook/pythonpath.dsv'
[3.675s] INFO:colcon.colcon_core.shell:Creating environment hook '/home/lyj/ros2_bezier_ws/install/bezier_bringup/share/bezier_bringup/hook/pythonpath.sh'
[3.676s] Level 1:colcon.colcon_core.environment:checking '/home/lyj/ros2_bezier_ws/install/bezier_bringup/bin'
[3.676s] Level 1:colcon.colcon_core.environment:create_environment_scripts_only(bezier_bringup)
[3.677s] INFO:colcon.colcon_core.shell:Creating package script '/home/lyj/ros2_bezier_ws/install/bezier_bringup/share/bezier_bringup/package.ps1'
[3.678s] INFO:colcon.colcon_core.shell:Creating package descriptor '/home/lyj/ros2_bezier_ws/install/bezier_bringup/share/bezier_bringup/package.dsv'
[3.679s] INFO:colcon.colcon_core.shell:Creating package script '/home/lyj/ros2_bezier_ws/install/bezier_bringup/share/bezier_bringup/package.sh'
[3.679s] INFO:colcon.colcon_core.shell:Creating package script '/home/lyj/ros2_bezier_ws/install/bezier_bringup/share/bezier_bringup/package.bash'
[3.680s] INFO:colcon.colcon_core.shell:Creating package script '/home/lyj/ros2_bezier_ws/install/bezier_bringup/share/bezier_bringup/package.zsh'
[3.680s] Level 1:colcon.colcon_core.environment:create_file_with_runtime_dependencies(/home/lyj/ros2_bezier_ws/install/bezier_bringup/share/colcon-core/packages/bezier_bringup)
[3.681s] DEBUG:colcon.colcon_parallel_executor.executor.parallel:closing loop
[3.681s] DEBUG:colcon.colcon_parallel_executor.executor.parallel:loop closed
[3.681s] DEBUG:colcon.colcon_parallel_executor.executor.parallel:run_until_complete finished with '0'
[3.682s] DEBUG:colcon.colcon_core.event_reactor:joining thread
[3.690s] INFO:colcon.colcon_core.plugin_system:Skipping extension 'colcon_notification.desktop_notification.terminal_notifier': Not used on non-Darwin systems
[3.690s] INFO:colcon.colcon_core.plugin_system:Skipping extension 'colcon_notification.desktop_notification.win32': Not used on non-Windows systems
[3.690s] INFO:colcon.colcon_notification.desktop_notification:Sending desktop notification using 'notify2'
[3.711s] DEBUG:colcon.colcon_core.event_reactor:joined thread
[3.711s] INFO:colcon.colcon_core.shell:Creating prefix script '/home/lyj/ros2_bezier_ws/install/local_setup.ps1'
[3.713s] INFO:colcon.colcon_core.shell:Creating prefix util module '/home/lyj/ros2_bezier_ws/install/_local_setup_util_ps1.py'
[3.716s] INFO:colcon.colcon_core.shell:Creating prefix chain script '/home/lyj/ros2_bezier_ws/install/setup.ps1'
[3.718s] INFO:colcon.colcon_core.shell:Creating prefix script '/home/lyj/ros2_bezier_ws/install/local_setup.sh'
[3.719s] INFO:colcon.colcon_core.shell:Creating prefix util module '/home/lyj/ros2_bezier_ws/install/_local_setup_util_sh.py'
[3.720s] INFO:colcon.colcon_core.shell:Creating prefix chain script '/home/lyj/ros2_bezier_ws/install/setup.sh'
[3.721s] INFO:colcon.colcon_core.shell:Creating prefix script '/home/lyj/ros2_bezier_ws/install/local_setup.bash'
[3.722s] INFO:colcon.colcon_core.shell:Creating prefix chain script '/home/lyj/ros2_bezier_ws/install/setup.bash'
[3.723s] INFO:colcon.colcon_core.shell:Creating prefix script '/home/lyj/ros2_bezier_ws/install/local_setup.zsh'
[3.724s] INFO:colcon.colcon_core.shell:Creating prefix chain script '/home/lyj/ros2_bezier_ws/install/setup.zsh'
