running egg_info
creating ../../build/path_planner3/path_planner3.egg-info
writing ../../build/path_planner3/path_planner3.egg-info/PKG-INFO
writing dependency_links to ../../build/path_planner3/path_planner3.egg-info/dependency_links.txt
writing entry points to ../../build/path_planner3/path_planner3.egg-info/entry_points.txt
writing requirements to ../../build/path_planner3/path_planner3.egg-info/requires.txt
writing top-level names to ../../build/path_planner3/path_planner3.egg-info/top_level.txt
writing manifest file '../../build/path_planner3/path_planner3.egg-info/SOURCES.txt'
reading manifest file '../../build/path_planner3/path_planner3.egg-info/SOURCES.txt'
writing manifest file '../../build/path_planner3/path_planner3.egg-info/SOURCES.txt'
running build
running build_py
creating /home/lyj/ros2_bezier_ws/build/path_planner3/build
creating /home/lyj/ros2_bezier_ws/build/path_planner3/build/lib
creating /home/lyj/ros2_bezier_ws/build/path_planner3/build/lib/path_planner3
copying path_planner3/path_generator.py -> /home/lyj/ros2_bezier_ws/build/path_planner3/build/lib/path_planner3
copying path_planner3/__init__.py -> /home/lyj/ros2_bezier_ws/build/path_planner3/build/lib/path_planner3
running install
running install_lib
creating /home/lyj/ros2_bezier_ws/install/path_planner3/lib/python3.10/site-packages/path_planner3
copying /home/lyj/ros2_bezier_ws/build/path_planner3/build/lib/path_planner3/path_generator.py -> /home/lyj/ros2_bezier_ws/install/path_planner3/lib/python3.10/site-packages/path_planner3
copying /home/lyj/ros2_bezier_ws/build/path_planner3/build/lib/path_planner3/__init__.py -> /home/lyj/ros2_bezier_ws/install/path_planner3/lib/python3.10/site-packages/path_planner3
byte-compiling /home/lyj/ros2_bezier_ws/install/path_planner3/lib/python3.10/site-packages/path_planner3/path_generator.py to path_generator.cpython-310.pyc
byte-compiling /home/lyj/ros2_bezier_ws/install/path_planner3/lib/python3.10/site-packages/path_planner3/__init__.py to __init__.cpython-310.pyc
running install_data
creating /home/lyj/ros2_bezier_ws/install/path_planner3/share/ament_index
creating /home/lyj/ros2_bezier_ws/install/path_planner3/share/ament_index/resource_index
creating /home/lyj/ros2_bezier_ws/install/path_planner3/share/ament_index/resource_index/packages
copying resource/path_planner3 -> /home/lyj/ros2_bezier_ws/install/path_planner3/share/ament_index/resource_index/packages
copying package.xml -> /home/lyj/ros2_bezier_ws/install/path_planner3/share/path_planner3
running install_egg_info
Copying ../../build/path_planner3/path_planner3.egg-info to /home/lyj/ros2_bezier_ws/install/path_planner3/lib/python3.10/site-packages/path_planner3-0.0.2-py3.10.egg-info
running install_scripts
Installing path_generator script to /home/lyj/ros2_bezier_ws/install/path_planner3/lib/path_planner3
writing list of installed files to '/home/lyj/ros2_bezier_ws/build/path_planner3/install.log'
