[1.040s] Invoking command in '/home/lyj/ros2_bezier_ws/src/path_planner3': PYTHONPATH=/home/lyj/ros2_bezier_ws/build/path_planner3/prefix_override:/usr/lib/python3/dist-packages/colcon_core/task/python/colcon_distutils_commands:/home/lyj/ros2_bezier_ws/install/path_planner3/lib/python3.10/site-packages: /usr/bin/python3 -W ignore:setup.py install is deprecated -W ignore:easy_install command is deprecated setup.py egg_info --egg-base ../../build/path_planner3 build --build-base /home/lyj/ros2_bezier_ws/build/path_planner3/build install --record /home/lyj/ros2_bezier_ws/build/path_planner3/install.log --single-version-externally-managed install_data
[1.429s] running egg_info
[1.430s] creating ../../build/path_planner3/path_planner3.egg-info
[1.430s] writing ../../build/path_planner3/path_planner3.egg-info/PKG-INFO
[1.430s] writing dependency_links to ../../build/path_planner3/path_planner3.egg-info/dependency_links.txt
[1.431s] writing entry points to ../../build/path_planner3/path_planner3.egg-info/entry_points.txt
[1.431s] writing requirements to ../../build/path_planner3/path_planner3.egg-info/requires.txt
[1.431s] writing top-level names to ../../build/path_planner3/path_planner3.egg-info/top_level.txt
[1.431s] writing manifest file '../../build/path_planner3/path_planner3.egg-info/SOURCES.txt'
[1.434s] reading manifest file '../../build/path_planner3/path_planner3.egg-info/SOURCES.txt'
[1.436s] writing manifest file '../../build/path_planner3/path_planner3.egg-info/SOURCES.txt'
[1.436s] running build
[1.436s] running build_py
[1.436s] creating /home/lyj/ros2_bezier_ws/build/path_planner3/build
[1.436s] creating /home/lyj/ros2_bezier_ws/build/path_planner3/build/lib
[1.437s] creating /home/lyj/ros2_bezier_ws/build/path_planner3/build/lib/path_planner3
[1.437s] copying path_planner3/path_generator.py -> /home/lyj/ros2_bezier_ws/build/path_planner3/build/lib/path_planner3
[1.437s] copying path_planner3/__init__.py -> /home/lyj/ros2_bezier_ws/build/path_planner3/build/lib/path_planner3
[1.437s] running install
[1.437s] running install_lib
[1.438s] creating /home/lyj/ros2_bezier_ws/install/path_planner3/lib/python3.10/site-packages/path_planner3
[1.439s] copying /home/lyj/ros2_bezier_ws/build/path_planner3/build/lib/path_planner3/path_generator.py -> /home/lyj/ros2_bezier_ws/install/path_planner3/lib/python3.10/site-packages/path_planner3
[1.439s] copying /home/lyj/ros2_bezier_ws/build/path_planner3/build/lib/path_planner3/__init__.py -> /home/lyj/ros2_bezier_ws/install/path_planner3/lib/python3.10/site-packages/path_planner3
[1.439s] byte-compiling /home/lyj/ros2_bezier_ws/install/path_planner3/lib/python3.10/site-packages/path_planner3/path_generator.py to path_generator.cpython-310.pyc
[1.445s] byte-compiling /home/lyj/ros2_bezier_ws/install/path_planner3/lib/python3.10/site-packages/path_planner3/__init__.py to __init__.cpython-310.pyc
[1.446s] running install_data
[1.446s] creating /home/lyj/ros2_bezier_ws/install/path_planner3/share/ament_index
[1.446s] creating /home/lyj/ros2_bezier_ws/install/path_planner3/share/ament_index/resource_index
[1.446s] creating /home/lyj/ros2_bezier_ws/install/path_planner3/share/ament_index/resource_index/packages
[1.446s] copying resource/path_planner3 -> /home/lyj/ros2_bezier_ws/install/path_planner3/share/ament_index/resource_index/packages
[1.446s] copying package.xml -> /home/lyj/ros2_bezier_ws/install/path_planner3/share/path_planner3
[1.446s] running install_egg_info
[1.449s] Copying ../../build/path_planner3/path_planner3.egg-info to /home/lyj/ros2_bezier_ws/install/path_planner3/lib/python3.10/site-packages/path_planner3-0.0.2-py3.10.egg-info
[1.450s] running install_scripts
[1.488s] Installing path_generator script to /home/lyj/ros2_bezier_ws/install/path_planner3/lib/path_planner3
[1.488s] writing list of installed files to '/home/lyj/ros2_bezier_ws/build/path_planner3/install.log'
[1.529s] Invoked command in '/home/lyj/ros2_bezier_ws/src/path_planner3' returned '0': PYTHONPATH=/home/lyj/ros2_bezier_ws/build/path_planner3/prefix_override:/usr/lib/python3/dist-packages/colcon_core/task/python/colcon_distutils_commands:/home/lyj/ros2_bezier_ws/install/path_planner3/lib/python3.10/site-packages: /usr/bin/python3 -W ignore:setup.py install is deprecated -W ignore:easy_install command is deprecated setup.py egg_info --egg-base ../../build/path_planner3 build --build-base /home/lyj/ros2_bezier_ws/build/path_planner3/build install --record /home/lyj/ros2_bezier_ws/build/path_planner3/install.log --single-version-externally-managed install_data
